<?xml version="1.0" encoding="utf-8"?><testsuites><testsuite name="pytest" errors="0" failures="0" skipped="0" tests="6" time="0.140" timestamp="2023-03-05T17:29:30.607209" hostname="DESKTOP-EMS2HJI"><testcase classname="tests.test_bytebank.TestClass" name="test_quando_idade_recebe_13_03_2000_deve_retornar_23" time="0.002" /><testcase classname="tests.test_bytebank.TestClass" name="test_quando_sobrenome_recebe_Lucas_Carvalho_deve_retornar_Carvalho" time="0.001" /><testcase classname="tests.test_bytebank.TestClass" name="test_quando_decrescimo_salario_recebe_100000_e_sobrenome_in_sobrenomes_diretor_retornar_90000" time="0.001" /><testcase classname="tests.test_bytebank.TestClass" name="test_quando_decrescimo_salario_recebe_100000_e_sobrenome_not_in_sobrenomes_diretor_retornar_90000" time="0.001" /><testcase classname="tests.test_bytebank.TestClass" name="test_quando_calcular_salario_recebe_1000_retorna_100" time="0.001" /><testcase classname="tests.test_bytebank.TestClass" name="test_quando_calcular_salario_recebe_20000_retorna_Exception" time="0.001" /></testsuite></testsuites>